2022-03-27 13:21:34 ERROR ClimbingAPI.Services.ClimbingSpotService.Delete - ERROR for: delete action from ClimbingSpotService. ID: "7" not found.
2022-03-27 13:29:24 ERROR ClimbingAPI.Services.ClimbingSpotService.Delete - ERROR for: DELETE action from ClimbingSpotService. ID: "7" not found.
2022-03-27 13:30:44 ERROR ClimbingAPI.Services.ClimbingSpotService.Delete - ERROR for: DELETE action from ClimbingSpotService. ID: "7" not found.
2022-04-01 15:35:18 ERROR ClimbingAPI.Services.BoulderService.Delete - ERROR for: DELETE action from Boulder Service. ID: "1" not found.
2022-04-01 15:36:58 ERROR ClimbingAPI.Services.BoulderService.Delete - ERROR for: DELETE action from Boulder Service. ID: "44" not found.
2022-04-01 15:37:42 ERROR ClimbingAPI.Services.BoulderService.Delete - ERROR for: DELETE action from Boulder Service. ID: "4" not found.
2022-04-01 15:45:36 ERROR ClimbingAPI.Services.BoulderService.Delete - ERROR for: DELETE action from Boulder Service. Boulder with ID: "5" not found.
2022-04-01 15:46:15 ERROR ClimbingAPI.Services.BoulderService.Delete - ERROR for: DELETE action from Boulder Service. Boulder with ID: "6" not found.
2022-04-01 15:46:33 ERROR ClimbingAPI.Services.BoulderService.Delete - ERROR for: DELETE action from Boulder Service. Boulder with ID: "7" not found.
2022-04-01 15:47:21 ERROR ClimbingAPI.Services.BoulderService.Delete - ERROR for: DELETE action from Boulder Service. Boulder with ID: "7" not found.
2022-04-01 16:02:12 ERROR ClimbingAPI.Services.BoulderService.Get - ERROR for: GET action from Boulder Service. Boulder ID: "71" in Climbing Spot ID: 1 not found.
2022-04-01 16:02:19 ERROR ClimbingAPI.Services.BoulderService.GetClimbingSpotById - ERROR: action from Boulder Service GetClimbingSpotById(). Climbing Spot with ID: "12" not found.
2022-04-01 16:04:15 ERROR ClimbingAPI.Services.BoulderService.GetClimbingSpotById - ERROR: action from Boulder Service GetClimbingSpotById(). Climbing Spot with ID: "222" not found.
2022-04-01 16:04:32 ERROR ClimbingAPI.Services.BoulderService.GetClimbingSpotById - ERROR: action from Boulder Service GetClimbingSpotById(). Climbing Spot with ID: "12" not found.
2022-04-01 16:04:50 ERROR ClimbingAPI.Services.BoulderService.GetClimbingSpotById - ERROR: action from Boulder Service GetClimbingSpotById(). Climbing Spot with ID: "32" not found.
2022-04-01 16:08:00 ERROR ClimbingAPI.Services.BoulderService.Delete - ERROR for: DELETE action from Boulder Service. Boulder with ID: "7" not found.
2022-04-01 16:08:42 ERROR ClimbingAPI.Services.BoulderService.Delete - ERROR for: DELETE action from Boulder Service. Boulder with ID: "7" not found.
2022-04-01 16:10:11 ERROR ClimbingAPI.Services.BoulderService.GetClimbingSpotById - ERROR: action from Boulder Service GetClimbingSpotById(). Climbing Spot with ID: "1" not found.
2022-04-02 20:02:48 ERROR ClimbingAPI.Services.AccountService.VerifyHashedPassword - Invalid username or password.
2022-04-02 20:03:20 ERROR ClimbingAPI.Services.AccountService.VerifyHashedPassword - Invalid username or password.
2022-04-03 17:57:39 ERROR ClimbingAPI.Services.BoulderService.GetClimbingSpotById - ERROR: action from Boulder Service GetClimbingSpotById(). Climbing Spot with ID: "-4127638" not found.
2022-04-06 14:39:34 ERROR ClimbingAPI.Services.ClimbingSpotService.Update - INFO for: UPDATE action from ClimbingSpotService. ID: "-58619714".
2022-04-06 14:39:59 ERROR ClimbingAPI.Services.ClimbingSpotService.Update - INFO for: UPDATE action from ClimbingSpotService. ID: "19".
2022-04-06 14:40:29 ERROR ClimbingAPI.Services.ClimbingSpotService.Update - INFO for: UPDATE action from ClimbingSpotService. ID: "19".
2022-04-08 16:20:38 ERROR ClimbingAPI.Services.AccountService.Validate - ERROR for: UPDATE action from AccountService. Authorization failed.
2022-04-13 15:52:10 ERROR ClimbingAPI.Services.ClimbingSpotService.Update - INFO for: UPDATE action from ClimbingSpotService. ID: "63656573".
2022-04-13 15:52:10 ERROR ClimbingAPI.Services.ClimbingSpotService.Update - ERROR for: DELETE action from ClimbingSpotService. ID: "63656573" not found.
2022-04-13 15:52:39 ERROR ClimbingAPI.Services.ClimbingSpotService.Update - INFO for: UPDATE action from ClimbingSpotService. ID: "63656573".
2022-04-13 15:52:39 ERROR ClimbingAPI.Services.ClimbingSpotService.Update - ERROR for: DELETE action from ClimbingSpotService. ID: "63656573" not found.
2022-04-13 15:53:02 ERROR ClimbingAPI.Services.ClimbingSpotService.Update - INFO for: UPDATE action from ClimbingSpotService. ID: "36".
2022-04-13 15:55:23 ERROR ClimbingAPI.Services.ClimbingSpotService.Update - INFO for: UPDATE action from ClimbingSpotService. ID: "36".
2022-04-13 16:07:26 ERROR ClimbingAPI.Services.BoulderService.GetClimbingSpotById - ERROR: action from Boulder Service GetClimbingSpotById(). Climbing Spot with ID: "63656573" not found.
2022-04-13 16:07:34 ERROR ClimbingAPI.Services.BoulderService.Get - ERROR for: GET action from Boulder Service. Boulder ID: "2" in Climbing Spot ID: 3 not found.
2022-04-13 16:07:39 ERROR ClimbingAPI.Services.BoulderService.Get - ERROR for: GET action from Boulder Service. Boulder ID: "2" in Climbing Spot ID: 2 not found.
2022-04-13 16:07:43 ERROR ClimbingAPI.Services.BoulderService.Get - ERROR for: GET action from Boulder Service. Boulder ID: "1" in Climbing Spot ID: 2 not found.
2022-04-13 16:07:46 ERROR ClimbingAPI.Services.BoulderService.Get - ERROR for: GET action from Boulder Service. Boulder ID: "2" in Climbing Spot ID: 2 not found.
2022-04-13 16:07:49 ERROR ClimbingAPI.Services.BoulderService.Get - ERROR for: GET action from Boulder Service. Boulder ID: "3" in Climbing Spot ID: 2 not found.
2022-04-13 16:07:52 ERROR ClimbingAPI.Services.BoulderService.Get - ERROR for: GET action from Boulder Service. Boulder ID: "4" in Climbing Spot ID: 2 not found.
2022-04-13 17:30:33 ERROR ClimbingAPI.Services.AccountService.GetUserByEmail - Invalid username or password.
2022-04-13 17:30:40 ERROR ClimbingAPI.Services.AccountService.GetUserByEmail - Invalid username or password.
