2022-03-27 13:29:23  INFO ClimbingAPI.Services.ClimbingSpotService.Delete - INFO for: DELETE action from ClimbingSpotService. ID: "7".
2022-03-27 13:29:24 ERROR ClimbingAPI.Services.ClimbingSpotService.Delete - ERROR for: DELETE action from ClimbingSpotService. ID: "7" not found.
2022-03-27 13:30:43  INFO ClimbingAPI.Services.ClimbingSpotService.Delete - INFO for: DELETE action from ClimbingSpotService. ID: "7".
2022-03-27 13:44:42  INFO ClimbingAPI.Services.ClimbingSpotService.Delete - INFO for: DELETE action from ClimbingSpotService. ID: "7".
2022-03-27 13:46:35  INFO ClimbingAPI.Services.ClimbingSpotService.Delete - INFO for: DELETE action from ClimbingSpotService. ID: "7".
2022-03-27 20:52:58  INFO ClimbingAPI.Services.ClimbingSpotService.Get - INFO for: GET action from ClimbingSpotService. ID: "321".
2022-03-27 20:54:32  INFO ClimbingAPI.Services.ClimbingSpotService.Get - INFO for: GET action from ClimbingSpotService. ID: "321".
2022-03-27 20:58:13  INFO ClimbingAPI.Services.ClimbingSpotService.Create - INFO for: CREATE action from ClimbingSpotService.
2022-03-31 16:35:37  INFO ClimbingAPI.Services.ClimbingSpotService.Get - INFO for: GET action from ClimbingSpotService. ID: "321".
2022-03-31 16:35:48  INFO ClimbingAPI.Services.ClimbingSpotService.GetAll - INFO for: GETALL action from ClimbingSpotService.
2022-03-31 16:35:55  INFO ClimbingAPI.Services.ClimbingSpotService.Get - INFO for: GET action from ClimbingSpotService. ID: "1".
2022-03-31 16:39:50  INFO ClimbingAPI.Services.ClimbingSpotService.Get - INFO for: GET action from ClimbingSpotService. ID: "1".
2022-03-31 16:42:29  INFO ClimbingAPI.Services.ClimbingSpotService.Get - INFO for: GET action from ClimbingSpotService. ID: "1".
2022-03-31 16:42:47  INFO ClimbingAPI.Services.ClimbingSpotService.Get - INFO for: GET action from ClimbingSpotService. ID: "1".
2022-03-31 16:54:21  INFO ClimbingAPI.Services.ClimbingSpotService.Get - INFO for: GET action from ClimbingSpotService. ID: "1".
2022-03-31 17:21:42  INFO ClimbingAPI.Services.ClimbingSpotService.Get - INFO for: GET action from ClimbingSpotService. ID: "1".
2022-03-31 17:29:22  INFO ClimbingAPI.Services.ClimbingSpotService.Get - INFO for: GET action from ClimbingSpotService. ID: "1".
2022-03-31 17:31:22  INFO ClimbingAPI.Services.ClimbingSpotService.Get - INFO for: GET action from ClimbingSpotService. ID: "1".
2022-03-31 17:32:20  INFO ClimbingAPI.Services.ClimbingSpotService.Get - INFO for: GET action from ClimbingSpotService. ID: "1".
2022-03-31 17:32:42  INFO ClimbingAPI.Services.ClimbingSpotService.Get - INFO for: GET action from ClimbingSpotService. ID: "1".
2022-03-31 17:33:18  INFO ClimbingAPI.Services.ClimbingSpotService.Get - INFO for: GET action from ClimbingSpotService. ID: "1".
2022-03-31 17:51:40  INFO ClimbingAPI.Services.ClimbingSpotService.Get - INFO for: GET action from ClimbingSpotService. ID: "1".
2022-03-31 17:59:31  INFO ClimbingAPI.Services.ClimbingSpotService.Get - INFO for: GET action from ClimbingSpotService. ID: "1".
2022-03-31 18:05:01  INFO ClimbingAPI.Services.ClimbingSpotService.Get - INFO for: GET action from ClimbingSpotService. ID: "1".
2022-03-31 18:06:46  INFO ClimbingAPI.Services.ClimbingSpotService.Get - INFO for: GET action from ClimbingSpotService. ID: "1".
2022-03-31 18:11:01  INFO ClimbingAPI.Services.ClimbingSpotService.Get - INFO for: GET action from ClimbingSpotService. ID: "1".
2022-03-31 18:12:28  INFO ClimbingAPI.Services.ClimbingSpotService.Get - INFO for: GET action from ClimbingSpotService. ID: "1".
2022-03-31 21:30:55  INFO ClimbingAPI.Services.ClimbingSpotService.Get - INFO for: GET action from ClimbingSpotService. ID: "1".
2022-03-31 21:33:58  INFO ClimbingAPI.Services.ClimbingSpotService.Get - INFO for: GET action from ClimbingSpotService. ID: "1".
2022-03-31 21:35:06  INFO ClimbingAPI.Services.ClimbingSpotService.Get - INFO for: GET action from ClimbingSpotService. ID: "1".
2022-03-31 21:54:11  INFO ClimbingAPI.Services.ClimbingSpotService.Get - INFO for: GET action from ClimbingSpotService. ID: "1".
2022-03-31 21:54:23  INFO ClimbingAPI.Services.BoulderService.Get - INFO for: GET action from BoulderService. ID: "4".
2022-03-31 21:54:29  INFO ClimbingAPI.Services.BoulderService.Get - INFO for: GET action from BoulderService. ID: "5".
2022-03-31 21:54:34  INFO ClimbingAPI.Services.BoulderService.Get - INFO for: GET action from BoulderService. ID: "56".
2022-03-31 22:03:23  INFO ClimbingAPI.Services.BoulderService.Get - INFO for: GET action from BoulderService. Boulder Id: "56", Climbing Spot Id: 1.
2022-03-31 22:08:18  INFO ClimbingAPI.Services.BoulderService.Get - INFO for: GET action from BoulderService. Boulder Id: "56", Climbing Spot Id: 1.
2022-03-31 22:08:35  INFO ClimbingAPI.Services.BoulderService.Get - INFO for: GET action from BoulderService. Boulder Id: "5", Climbing Spot Id: 1.
2022-03-31 22:27:48  INFO ClimbingAPI.Services.BoulderService.GetAll - INFO for: GETALL action from BoulderService. Climbing Spot Id: 1.
2022-03-31 22:27:59  INFO ClimbingAPI.Services.BoulderService.Get - INFO for: GET action from BoulderService. Boulder Id: "6", Climbing Spot Id: 1.
2022-03-31 22:28:01  INFO ClimbingAPI.Services.BoulderService.Get - INFO for: GET action from BoulderService. Boulder Id: "66", Climbing Spot Id: 1.
2022-03-31 22:28:14  INFO ClimbingAPI.Services.BoulderService.Get - INFO for: GET action from BoulderService. Boulder Id: "66", Climbing Spot Id: 155.
